<?xml version="1.0" encoding="UTF-8"?>
<testng-results skipped="0" failed="3" ignored="0" total="7" passed="4">
  <reporter-output>
    <line>
      <![CDATA[element not present]]>
    </line>
  </reporter-output>
  <suite name="Surefire suite" duration-ms="114140" started-at="2021-06-26T09:23:32Z" finished-at="2021-06-26T09:25:26Z">
    <groups>
    </groups>
    <test name="Surefire test" duration-ms="114140" started-at="2021-06-26T09:23:32Z" finished-at="2021-06-26T09:25:26Z">
      <class name="scripts.Login_Test">
        <test-method status="PASS" signature="open_Application()[pri:0, instance:scripts.Login_Test@6989da5e]" name="open_Application" is-config="true" duration-ms="7820" started-at="2021-06-26T09:23:32Z" finished-at="2021-06-26T09:23:40Z">
          <reporter-output>
          </reporter-output>
        </test-method> <!-- open_Application -->
        <test-method status="PASS" signature="clicklogin_Test()[pri:0, instance:scripts.Login_Test@6989da5e]" name="clicklogin_Test" duration-ms="1844" started-at="2021-06-26T09:23:40Z" finished-at="2021-06-26T09:23:42Z">
          <reporter-output>
          </reporter-output>
        </test-method> <!-- clicklogin_Test -->
        <test-method status="PASS" signature="close_Application()[pri:0, instance:scripts.Login_Test@6989da5e]" name="close_Application" is-config="true" duration-ms="735" started-at="2021-06-26T09:23:42Z" finished-at="2021-06-26T09:23:42Z">
          <reporter-output>
          </reporter-output>
        </test-method> <!-- close_Application -->
        <test-method status="PASS" signature="open_Application()[pri:0, instance:scripts.Login_Test@6989da5e]" name="open_Application" is-config="true" duration-ms="7876" started-at="2021-06-26T09:23:42Z" finished-at="2021-06-26T09:23:50Z">
          <reporter-output>
          </reporter-output>
        </test-method> <!-- open_Application -->
        <test-method status="PASS" signature="loginWithInvalidUserNameInvalidPassword_Test()[pri:0, instance:scripts.Login_Test@6989da5e]" name="loginWithInvalidUserNameInvalidPassword_Test" duration-ms="2307" started-at="2021-06-26T09:23:50Z" finished-at="2021-06-26T09:23:53Z">
          <reporter-output>
          </reporter-output>
        </test-method> <!-- loginWithInvalidUserNameInvalidPassword_Test -->
        <test-method status="PASS" signature="close_Application()[pri:0, instance:scripts.Login_Test@6989da5e]" name="close_Application" is-config="true" duration-ms="770" started-at="2021-06-26T09:23:53Z" finished-at="2021-06-26T09:23:53Z">
          <reporter-output>
          </reporter-output>
        </test-method> <!-- close_Application -->
        <test-method status="PASS" signature="open_Application()[pri:0, instance:scripts.Login_Test@6989da5e]" name="open_Application" is-config="true" duration-ms="7027" started-at="2021-06-26T09:23:53Z" finished-at="2021-06-26T09:24:00Z">
          <reporter-output>
          </reporter-output>
        </test-method> <!-- open_Application -->
        <test-method status="PASS" signature="loginWithInvalidUserNameValidPassword_Test()[pri:0, instance:scripts.Login_Test@6989da5e]" name="loginWithInvalidUserNameValidPassword_Test" duration-ms="1479" started-at="2021-06-26T09:24:00Z" finished-at="2021-06-26T09:24:02Z">
          <reporter-output>
          </reporter-output>
        </test-method> <!-- loginWithInvalidUserNameValidPassword_Test -->
        <test-method status="PASS" signature="close_Application()[pri:0, instance:scripts.Login_Test@6989da5e]" name="close_Application" is-config="true" duration-ms="870" started-at="2021-06-26T09:24:02Z" finished-at="2021-06-26T09:24:03Z">
          <reporter-output>
          </reporter-output>
        </test-method> <!-- close_Application -->
        <test-method status="PASS" signature="open_Application()[pri:0, instance:scripts.Login_Test@6989da5e]" name="open_Application" is-config="true" duration-ms="7047" started-at="2021-06-26T09:24:03Z" finished-at="2021-06-26T09:24:10Z">
          <reporter-output>
          </reporter-output>
        </test-method> <!-- open_Application -->
        <test-method status="PASS" signature="loginWithValidUserNameInvalidPassword_Test()[pri:0, instance:scripts.Login_Test@6989da5e]" name="loginWithValidUserNameInvalidPassword_Test" duration-ms="1317" started-at="2021-06-26T09:24:10Z" finished-at="2021-06-26T09:24:11Z">
          <reporter-output>
          </reporter-output>
        </test-method> <!-- loginWithValidUserNameInvalidPassword_Test -->
        <test-method status="PASS" signature="close_Application()[pri:0, instance:scripts.Login_Test@6989da5e]" name="close_Application" is-config="true" duration-ms="696" started-at="2021-06-26T09:24:11Z" finished-at="2021-06-26T09:24:12Z">
          <reporter-output>
          </reporter-output>
        </test-method> <!-- close_Application -->
        <test-method status="PASS" signature="open_Application()[pri:0, instance:scripts.Login_Test@6989da5e]" name="open_Application" is-config="true" duration-ms="8103" started-at="2021-06-26T09:24:12Z" finished-at="2021-06-26T09:24:20Z">
          <reporter-output>
          </reporter-output>
        </test-method> <!-- open_Application -->
        <test-method status="FAIL" signature="successfulApplicationCreation_Test()[pri:0, instance:scripts.Login_Test@6989da5e]" name="successfulApplicationCreation_Test" duration-ms="16829" started-at="2021-06-26T09:24:20Z" finished-at="2021-06-26T09:24:37Z">
          <exception class="org.openqa.selenium.NoSuchElementException">
            <message>
              <![CDATA[no such element: Unable to locate element: {"method":"xpath","selector":"//span[contains(.,'Create')]"}
  (Session info: chrome=91.0.4472.124)
  (Driver info: chromedriver=2.38.552522 (437e6fbedfa8762dec75e2c5b3ddb86763dc9dcb),platform=Windows NT 10.0.19041 x86_64) (WARNING: The server did not provide any stacktrace information)
Command duration or timeout: 0 milliseconds
For documentation on this error, please visit: http://seleniumhq.org/exceptions/no_such_element.html
Build info: version: '3.8.1', revision: '6e95a6684b', time: '2017-12-01T18:33:54.468Z'
System info: host: 'ZMBLRANUSHA', ip: '192.168.0.103', os.name: 'Windows 10', os.arch: 'amd64', os.version: '10.0', java.version: '1.8.0_211'
Driver info: org.openqa.selenium.chrome.ChromeDriver
Capabilities {acceptInsecureCerts: false, acceptSslCerts: false, applicationCacheEnabled: false, browserConnectionEnabled: false, browserName: chrome, chrome: {chromedriverVersion: 2.38.552522 (437e6fbedfa876..., userDataDir: C:\Users\anusha\AppData\Loc...}, cssSelectorsEnabled: true, databaseEnabled: false, handlesAlerts: true, hasTouchScreen: false, javascriptEnabled: true, locationContextEnabled: true, mobileEmulationEnabled: false, nativeEvents: true, networkConnectionEnabled: false, pageLoadStrategy: normal, platform: XP, platformName: XP, rotatable: false, setWindowRect: true, takesHeapSnapshot: true, takesScreenshot: true, unexpectedAlertBehaviour: , unhandledPromptBehavior: , version: 91.0.4472.124, webStorageEnabled: true}
Session ID: b9e34bfa445f9d7d9b97a021b5da3c13
*** Element info: {Using=xpath, value=//span[contains(.,'Create')]}]]>
            </message>
            <full-stacktrace>
              <![CDATA[org.openqa.selenium.NoSuchElementException: no such element: Unable to locate element: {"method":"xpath","selector":"//span[contains(.,'Create')]"}
  (Session info: chrome=91.0.4472.124)
  (Driver info: chromedriver=2.38.552522 (437e6fbedfa8762dec75e2c5b3ddb86763dc9dcb),platform=Windows NT 10.0.19041 x86_64) (WARNING: The server did not provide any stacktrace information)
Command duration or timeout: 0 milliseconds
For documentation on this error, please visit: http://seleniumhq.org/exceptions/no_such_element.html
Build info: version: '3.8.1', revision: '6e95a6684b', time: '2017-12-01T18:33:54.468Z'
System info: host: 'ZMBLRANUSHA', ip: '192.168.0.103', os.name: 'Windows 10', os.arch: 'amd64', os.version: '10.0', java.version: '1.8.0_211'
Driver info: org.openqa.selenium.chrome.ChromeDriver
Capabilities {acceptInsecureCerts: false, acceptSslCerts: false, applicationCacheEnabled: false, browserConnectionEnabled: false, browserName: chrome, chrome: {chromedriverVersion: 2.38.552522 (437e6fbedfa876..., userDataDir: C:\Users\anusha\AppData\Loc...}, cssSelectorsEnabled: true, databaseEnabled: false, handlesAlerts: true, hasTouchScreen: false, javascriptEnabled: true, locationContextEnabled: true, mobileEmulationEnabled: false, nativeEvents: true, networkConnectionEnabled: false, pageLoadStrategy: normal, platform: XP, platformName: XP, rotatable: false, setWindowRect: true, takesHeapSnapshot: true, takesScreenshot: true, unexpectedAlertBehaviour: , unhandledPromptBehavior: , version: 91.0.4472.124, webStorageEnabled: true}
Session ID: b9e34bfa445f9d7d9b97a021b5da3c13
*** Element info: {Using=xpath, value=//span[contains(.,'Create')]}
at sun.reflect.NativeConstructorAccessorImpl.newInstance0(Native Method)
at sun.reflect.NativeConstructorAccessorImpl.newInstance(NativeConstructorAccessorImpl.java:62)
at sun.reflect.DelegatingConstructorAccessorImpl.newInstance(DelegatingConstructorAccessorImpl.java:45)
at java.lang.reflect.Constructor.newInstance(Constructor.java:423)
at org.openqa.selenium.remote.ErrorHandler.createThrowable(ErrorHandler.java:214)
at org.openqa.selenium.remote.ErrorHandler.throwIfResponseFailed(ErrorHandler.java:166)
at org.openqa.selenium.remote.http.JsonHttpResponseCodec.reconstructValue(JsonHttpResponseCodec.java:40)
at org.openqa.selenium.remote.http.AbstractHttpResponseCodec.decode(AbstractHttpResponseCodec.java:80)
at org.openqa.selenium.remote.http.AbstractHttpResponseCodec.decode(AbstractHttpResponseCodec.java:44)
at org.openqa.selenium.remote.HttpCommandExecutor.execute(HttpCommandExecutor.java:164)
at org.openqa.selenium.remote.service.DriverCommandExecutor.execute(DriverCommandExecutor.java:83)
at org.openqa.selenium.remote.RemoteWebDriver.execute(RemoteWebDriver.java:601)
at org.openqa.selenium.remote.RemoteWebDriver.findElement(RemoteWebDriver.java:371)
at org.openqa.selenium.remote.RemoteWebDriver.findElementByXPath(RemoteWebDriver.java:473)
at org.openqa.selenium.By$ByXPath.findElement(By.java:361)
at org.openqa.selenium.remote.RemoteWebDriver.findElement(RemoteWebDriver.java:363)
at org.openqa.selenium.support.pagefactory.DefaultElementLocator.findElement(DefaultElementLocator.java:69)
at org.openqa.selenium.support.pagefactory.internal.LocatingElementHandler.invoke(LocatingElementHandler.java:38)
at com.sun.proxy.$Proxy23.click(Unknown Source)
at pom.Dashboard_Page.clickCreate(Dashboard_Page.java:49)
at scripts.Login_Test.successfulApplicationCreation_Test(Login_Test.java:145)
at sun.reflect.NativeMethodAccessorImpl.invoke0(Native Method)
at sun.reflect.NativeMethodAccessorImpl.invoke(NativeMethodAccessorImpl.java:62)
at sun.reflect.DelegatingMethodAccessorImpl.invoke(DelegatingMethodAccessorImpl.java:43)
at java.lang.reflect.Method.invoke(Method.java:498)
at org.testng.internal.MethodInvocationHelper.invokeMethod(MethodInvocationHelper.java:124)
at org.testng.internal.Invoker.invokeMethod(Invoker.java:583)
at org.testng.internal.Invoker.invokeTestMethod(Invoker.java:719)
at org.testng.internal.Invoker.invokeTestMethods(Invoker.java:989)
at org.testng.internal.TestMethodWorker.invokeTestMethods(TestMethodWorker.java:125)
at org.testng.internal.TestMethodWorker.run(TestMethodWorker.java:109)
at org.testng.TestRunner.privateRun(TestRunner.java:648)
at org.testng.TestRunner.run(TestRunner.java:505)
at org.testng.SuiteRunner.runTest(SuiteRunner.java:455)
at org.testng.SuiteRunner.runSequentially(SuiteRunner.java:450)
at org.testng.SuiteRunner.privateRun(SuiteRunner.java:415)
at org.testng.SuiteRunner.run(SuiteRunner.java:364)
at org.testng.SuiteRunnerWorker.runSuite(SuiteRunnerWorker.java:52)
at org.testng.SuiteRunnerWorker.run(SuiteRunnerWorker.java:84)
at org.testng.TestNG.runSuitesSequentially(TestNG.java:1208)
at org.testng.TestNG.runSuitesLocally(TestNG.java:1137)
at org.testng.TestNG.runSuites(TestNG.java:1049)
at org.testng.TestNG.run(TestNG.java:1017)
at org.apache.maven.surefire.testng.TestNGExecutor.run(TestNGExecutor.java:115)
at org.apache.maven.surefire.testng.TestNGDirectoryTestSuite.executeMulti(TestNGDirectoryTestSuite.java:205)
at org.apache.maven.surefire.testng.TestNGDirectoryTestSuite.execute(TestNGDirectoryTestSuite.java:108)
at org.apache.maven.surefire.testng.TestNGProvider.invoke(TestNGProvider.java:111)
at org.apache.maven.surefire.booter.ForkedBooter.invokeProviderInSameClassLoader(ForkedBooter.java:203)
at org.apache.maven.surefire.booter.ForkedBooter.runSuitesInProcess(ForkedBooter.java:155)
at org.apache.maven.surefire.booter.ForkedBooter.main(ForkedBooter.java:103)
]]>
            </full-stacktrace>
          </exception> <!-- org.openqa.selenium.NoSuchElementException -->
          <reporter-output>
          </reporter-output>
        </test-method> <!-- successfulApplicationCreation_Test -->
        <test-method status="PASS" signature="close_Application()[pri:0, instance:scripts.Login_Test@6989da5e]" name="close_Application" is-config="true" duration-ms="675" started-at="2021-06-26T09:24:37Z" finished-at="2021-06-26T09:24:37Z">
          <reporter-output>
          </reporter-output>
        </test-method> <!-- close_Application -->
        <test-method status="PASS" signature="open_Application()[pri:0, instance:scripts.Login_Test@6989da5e]" name="open_Application" is-config="true" duration-ms="7206" started-at="2021-06-26T09:24:37Z" finished-at="2021-06-26T09:24:45Z">
          <reporter-output>
          </reporter-output>
        </test-method> <!-- open_Application -->
        <test-method status="FAIL" signature="successfullLogin_Test()[pri:0, instance:scripts.Login_Test@6989da5e]" name="successfullLogin_Test" duration-ms="10563" started-at="2021-06-26T09:24:45Z" finished-at="2021-06-26T09:24:55Z">
          <exception class="java.lang.AssertionError">
            <message>
              <![CDATA[null]]>
            </message>
            <full-stacktrace>
              <![CDATA[java.lang.AssertionError: null
at org.testng.Assert.fail(Assert.java:96)
at org.testng.Assert.fail(Assert.java:103)
at generic.Base_Page.verifyElementIsPresent(Base_Page.java:49)
at pom.Home_Page.verifyLoginIsPresent(Home_Page.java:25)
at scripts.Login_Test.successfullLogin_Test(Login_Test.java:43)
at sun.reflect.NativeMethodAccessorImpl.invoke0(Native Method)
at sun.reflect.NativeMethodAccessorImpl.invoke(NativeMethodAccessorImpl.java:62)
at sun.reflect.DelegatingMethodAccessorImpl.invoke(DelegatingMethodAccessorImpl.java:43)
at java.lang.reflect.Method.invoke(Method.java:498)
at org.testng.internal.MethodInvocationHelper.invokeMethod(MethodInvocationHelper.java:124)
at org.testng.internal.Invoker.invokeMethod(Invoker.java:583)
at org.testng.internal.Invoker.invokeTestMethod(Invoker.java:719)
at org.testng.internal.Invoker.invokeTestMethods(Invoker.java:989)
at org.testng.internal.TestMethodWorker.invokeTestMethods(TestMethodWorker.java:125)
at org.testng.internal.TestMethodWorker.run(TestMethodWorker.java:109)
at org.testng.TestRunner.privateRun(TestRunner.java:648)
at org.testng.TestRunner.run(TestRunner.java:505)
at org.testng.SuiteRunner.runTest(SuiteRunner.java:455)
at org.testng.SuiteRunner.runSequentially(SuiteRunner.java:450)
at org.testng.SuiteRunner.privateRun(SuiteRunner.java:415)
at org.testng.SuiteRunner.run(SuiteRunner.java:364)
at org.testng.SuiteRunnerWorker.runSuite(SuiteRunnerWorker.java:52)
at org.testng.SuiteRunnerWorker.run(SuiteRunnerWorker.java:84)
at org.testng.TestNG.runSuitesSequentially(TestNG.java:1208)
at org.testng.TestNG.runSuitesLocally(TestNG.java:1137)
at org.testng.TestNG.runSuites(TestNG.java:1049)
at org.testng.TestNG.run(TestNG.java:1017)
at org.apache.maven.surefire.testng.TestNGExecutor.run(TestNGExecutor.java:115)
at org.apache.maven.surefire.testng.TestNGDirectoryTestSuite.executeMulti(TestNGDirectoryTestSuite.java:205)
at org.apache.maven.surefire.testng.TestNGDirectoryTestSuite.execute(TestNGDirectoryTestSuite.java:108)
at org.apache.maven.surefire.testng.TestNGProvider.invoke(TestNGProvider.java:111)
at org.apache.maven.surefire.booter.ForkedBooter.invokeProviderInSameClassLoader(ForkedBooter.java:203)
at org.apache.maven.surefire.booter.ForkedBooter.runSuitesInProcess(ForkedBooter.java:155)
at org.apache.maven.surefire.booter.ForkedBooter.main(ForkedBooter.java:103)
]]>
            </full-stacktrace>
          </exception> <!-- java.lang.AssertionError -->
          <reporter-output>
            <line>
              <![CDATA[element not present]]>
            </line>
          </reporter-output>
        </test-method> <!-- successfullLogin_Test -->
        <test-method status="PASS" signature="close_Application()[pri:0, instance:scripts.Login_Test@6989da5e]" name="close_Application" is-config="true" duration-ms="690" started-at="2021-06-26T09:24:55Z" finished-at="2021-06-26T09:24:56Z">
          <reporter-output>
          </reporter-output>
        </test-method> <!-- close_Application -->
        <test-method status="PASS" signature="open_Application()[pri:0, instance:scripts.Login_Test@6989da5e]" name="open_Application" is-config="true" duration-ms="8050" started-at="2021-06-26T09:24:56Z" finished-at="2021-06-26T09:25:04Z">
          <reporter-output>
          </reporter-output>
        </test-method> <!-- open_Application -->
        <test-method status="FAIL" signature="unsuccessfulApplicationCreation_Test()[pri:0, instance:scripts.Login_Test@6989da5e]" name="unsuccessfulApplicationCreation_Test" duration-ms="21481" started-at="2021-06-26T09:25:04Z" finished-at="2021-06-26T09:25:25Z">
          <exception class="org.openqa.selenium.NoSuchElementException">
            <message>
              <![CDATA[no such element: Unable to locate element: {"method":"xpath","selector":"//span[contains(.,'Create')]"}
  (Session info: chrome=91.0.4472.124)
  (Driver info: chromedriver=2.38.552522 (437e6fbedfa8762dec75e2c5b3ddb86763dc9dcb),platform=Windows NT 10.0.19041 x86_64) (WARNING: The server did not provide any stacktrace information)
Command duration or timeout: 0 milliseconds
For documentation on this error, please visit: http://seleniumhq.org/exceptions/no_such_element.html
Build info: version: '3.8.1', revision: '6e95a6684b', time: '2017-12-01T18:33:54.468Z'
System info: host: 'ZMBLRANUSHA', ip: '192.168.0.103', os.name: 'Windows 10', os.arch: 'amd64', os.version: '10.0', java.version: '1.8.0_211'
Driver info: org.openqa.selenium.chrome.ChromeDriver
Capabilities {acceptInsecureCerts: false, acceptSslCerts: false, applicationCacheEnabled: false, browserConnectionEnabled: false, browserName: chrome, chrome: {chromedriverVersion: 2.38.552522 (437e6fbedfa876..., userDataDir: C:\Users\anusha\AppData\Loc...}, cssSelectorsEnabled: true, databaseEnabled: false, handlesAlerts: true, hasTouchScreen: false, javascriptEnabled: true, locationContextEnabled: true, mobileEmulationEnabled: false, nativeEvents: true, networkConnectionEnabled: false, pageLoadStrategy: normal, platform: XP, platformName: XP, rotatable: false, setWindowRect: true, takesHeapSnapshot: true, takesScreenshot: true, unexpectedAlertBehaviour: , unhandledPromptBehavior: , version: 91.0.4472.124, webStorageEnabled: true}
Session ID: f95407dc9f467eae711909cdbb343bc0
*** Element info: {Using=xpath, value=//span[contains(.,'Create')]}]]>
            </message>
            <full-stacktrace>
              <![CDATA[org.openqa.selenium.NoSuchElementException: no such element: Unable to locate element: {"method":"xpath","selector":"//span[contains(.,'Create')]"}
  (Session info: chrome=91.0.4472.124)
  (Driver info: chromedriver=2.38.552522 (437e6fbedfa8762dec75e2c5b3ddb86763dc9dcb),platform=Windows NT 10.0.19041 x86_64) (WARNING: The server did not provide any stacktrace information)
Command duration or timeout: 0 milliseconds
For documentation on this error, please visit: http://seleniumhq.org/exceptions/no_such_element.html
Build info: version: '3.8.1', revision: '6e95a6684b', time: '2017-12-01T18:33:54.468Z'
System info: host: 'ZMBLRANUSHA', ip: '192.168.0.103', os.name: 'Windows 10', os.arch: 'amd64', os.version: '10.0', java.version: '1.8.0_211'
Driver info: org.openqa.selenium.chrome.ChromeDriver
Capabilities {acceptInsecureCerts: false, acceptSslCerts: false, applicationCacheEnabled: false, browserConnectionEnabled: false, browserName: chrome, chrome: {chromedriverVersion: 2.38.552522 (437e6fbedfa876..., userDataDir: C:\Users\anusha\AppData\Loc...}, cssSelectorsEnabled: true, databaseEnabled: false, handlesAlerts: true, hasTouchScreen: false, javascriptEnabled: true, locationContextEnabled: true, mobileEmulationEnabled: false, nativeEvents: true, networkConnectionEnabled: false, pageLoadStrategy: normal, platform: XP, platformName: XP, rotatable: false, setWindowRect: true, takesHeapSnapshot: true, takesScreenshot: true, unexpectedAlertBehaviour: , unhandledPromptBehavior: , version: 91.0.4472.124, webStorageEnabled: true}
Session ID: f95407dc9f467eae711909cdbb343bc0
*** Element info: {Using=xpath, value=//span[contains(.,'Create')]}
at sun.reflect.NativeConstructorAccessorImpl.newInstance0(Native Method)
at sun.reflect.NativeConstructorAccessorImpl.newInstance(NativeConstructorAccessorImpl.java:62)
at sun.reflect.DelegatingConstructorAccessorImpl.newInstance(DelegatingConstructorAccessorImpl.java:45)
at java.lang.reflect.Constructor.newInstance(Constructor.java:423)
at org.openqa.selenium.remote.ErrorHandler.createThrowable(ErrorHandler.java:214)
at org.openqa.selenium.remote.ErrorHandler.throwIfResponseFailed(ErrorHandler.java:166)
at org.openqa.selenium.remote.http.JsonHttpResponseCodec.reconstructValue(JsonHttpResponseCodec.java:40)
at org.openqa.selenium.remote.http.AbstractHttpResponseCodec.decode(AbstractHttpResponseCodec.java:80)
at org.openqa.selenium.remote.http.AbstractHttpResponseCodec.decode(AbstractHttpResponseCodec.java:44)
at org.openqa.selenium.remote.HttpCommandExecutor.execute(HttpCommandExecutor.java:164)
at org.openqa.selenium.remote.service.DriverCommandExecutor.execute(DriverCommandExecutor.java:83)
at org.openqa.selenium.remote.RemoteWebDriver.execute(RemoteWebDriver.java:601)
at org.openqa.selenium.remote.RemoteWebDriver.findElement(RemoteWebDriver.java:371)
at org.openqa.selenium.remote.RemoteWebDriver.findElementByXPath(RemoteWebDriver.java:473)
at org.openqa.selenium.By$ByXPath.findElement(By.java:361)
at org.openqa.selenium.remote.RemoteWebDriver.findElement(RemoteWebDriver.java:363)
at org.openqa.selenium.support.pagefactory.DefaultElementLocator.findElement(DefaultElementLocator.java:69)
at org.openqa.selenium.support.pagefactory.internal.LocatingElementHandler.invoke(LocatingElementHandler.java:38)
at com.sun.proxy.$Proxy23.click(Unknown Source)
at pom.Dashboard_Page.clickCreate(Dashboard_Page.java:49)
at scripts.Login_Test.unsuccessfulApplicationCreation_Test(Login_Test.java:179)
at sun.reflect.NativeMethodAccessorImpl.invoke0(Native Method)
at sun.reflect.NativeMethodAccessorImpl.invoke(NativeMethodAccessorImpl.java:62)
at sun.reflect.DelegatingMethodAccessorImpl.invoke(DelegatingMethodAccessorImpl.java:43)
at java.lang.reflect.Method.invoke(Method.java:498)
at org.testng.internal.MethodInvocationHelper.invokeMethod(MethodInvocationHelper.java:124)
at org.testng.internal.Invoker.invokeMethod(Invoker.java:583)
at org.testng.internal.Invoker.invokeTestMethod(Invoker.java:719)
at org.testng.internal.Invoker.invokeTestMethods(Invoker.java:989)
at org.testng.internal.TestMethodWorker.invokeTestMethods(TestMethodWorker.java:125)
at org.testng.internal.TestMethodWorker.run(TestMethodWorker.java:109)
at org.testng.TestRunner.privateRun(TestRunner.java:648)
at org.testng.TestRunner.run(TestRunner.java:505)
at org.testng.SuiteRunner.runTest(SuiteRunner.java:455)
at org.testng.SuiteRunner.runSequentially(SuiteRunner.java:450)
at org.testng.SuiteRunner.privateRun(SuiteRunner.java:415)
at org.testng.SuiteRunner.run(SuiteRunner.java:364)
at org.testng.SuiteRunnerWorker.runSuite(SuiteRunnerWorker.java:52)
at org.testng.SuiteRunnerWorker.run(SuiteRunnerWorker.java:84)
at org.testng.TestNG.runSuitesSequentially(TestNG.java:1208)
at org.testng.TestNG.runSuitesLocally(TestNG.java:1137)
at org.testng.TestNG.runSuites(TestNG.java:1049)
at org.testng.TestNG.run(TestNG.java:1017)
at org.apache.maven.surefire.testng.TestNGExecutor.run(TestNGExecutor.java:115)
at org.apache.maven.surefire.testng.TestNGDirectoryTestSuite.executeMulti(TestNGDirectoryTestSuite.java:205)
at org.apache.maven.surefire.testng.TestNGDirectoryTestSuite.execute(TestNGDirectoryTestSuite.java:108)
at org.apache.maven.surefire.testng.TestNGProvider.invoke(TestNGProvider.java:111)
at org.apache.maven.surefire.booter.ForkedBooter.invokeProviderInSameClassLoader(ForkedBooter.java:203)
at org.apache.maven.surefire.booter.ForkedBooter.runSuitesInProcess(ForkedBooter.java:155)
at org.apache.maven.surefire.booter.ForkedBooter.main(ForkedBooter.java:103)
]]>
            </full-stacktrace>
          </exception> <!-- org.openqa.selenium.NoSuchElementException -->
          <reporter-output>
          </reporter-output>
        </test-method> <!-- unsuccessfulApplicationCreation_Test -->
        <test-method status="PASS" signature="close_Application()[pri:0, instance:scripts.Login_Test@6989da5e]" name="close_Application" is-config="true" duration-ms="719" started-at="2021-06-26T09:25:25Z" finished-at="2021-06-26T09:25:26Z">
          <reporter-output>
          </reporter-output>
        </test-method> <!-- close_Application -->
      </class> <!-- scripts.Login_Test -->
    </test> <!-- Surefire test -->
  </suite> <!-- Surefire suite -->
</testng-results>
